# JRE version: Java(TM) SE Runtime Environment (19.0.1+10) (build 19.0.1+10-21)
# Java VM: Java HotSpot(TM) 64-Bit Server VM (19.0.1+10-21, mixed mode, emulated-client, sharing, tiered, compressed oops, compressed class ptrs, g1 gc, windows-amd64)
GC Precious Log:
 CardTable entry size: 512
 Card Set container configuration: InlinePtr #cards 4 size 8 Array Of Cards #cards 32 size 80 Howl #buckets 8 coarsen threshold 7372 Howl Bitmap #cards 1024 size 144 coarsen threshold 921 Card regions per heap region 1 cards per card region 8192
 CPUs: 16 total, 16 available
 Memory: 24277M
 Large Page Support: Disabled
 NUMA Support: Disabled
 Compressed Oops: Enabled (Zero based)
 Heap Region Size: 4M
 Heap Min Capacity: 8M
 Heap Initial Capacity: 380M
 Heap Max Capacity: 6072M
 Pre-touch: Disabled
 Parallel Workers: 13
 Concurrent Workers: 3
 Concurrent Refinement Workers: 13
 Periodic GC: Disabled
Heap:
 garbage-first heap   total 122880K, used 81304K [0x0000000684800000, 0x0000000800000000)
  region size 4096K, 13 young (53248K), 1 survivors (4096K)
 Metaspace       used 72966K, committed 73664K, reserved 1114112K
  class space    used 9512K, committed 9856K, reserved 1048576K
GC Heap History (20 events):
Event: 5202.170 GC heap after
{Heap after GC invocations=99 (full 7):
 garbage-first heap   total 122880K, used 27888K [0x0000000684800000, 0x0000000800000000)
  region size 4096K, 0 young (0K), 0 survivors (0K)
 Metaspace       used 71754K, committed 72448K, reserved 1114112K
  class space    used 9393K, committed 9728K, reserved 1048576K
}
Event: 5202.819 GC heap before
{Heap before GC invocations=99 (full 7):
 garbage-first heap   total 122880K, used 81136K [0x0000000684800000, 0x0000000800000000)
  region size 4096K, 13 young (53248K), 0 survivors (0K)
 Metaspace       used 72039K, committed 72704K, reserved 1114112K
  class space    used 9429K, committed 9792K, reserved 1048576K
}
Event: 5202.822 GC heap after
{Heap after GC invocations=100 (full 7):
 garbage-first heap   total 122880K, used 31705K [0x0000000684800000, 0x0000000800000000)
  region size 4096K, 1 young (4096K), 1 survivors (4096K)
 Metaspace       used 72039K, committed 72704K, reserved 1114112K
  class space    used 9429K, committed 9792K, reserved 1048576K
}
Event: 5203.300 GC heap before
{Heap before GC invocations=101 (full 7):
 garbage-first heap   total 122880K, used 80857K [0x0000000684800000, 0x0000000800000000)
  region size 4096K, 13 young (53248K), 1 survivors (4096K)
 Metaspace       used 72497K, committed 73152K, reserved 1114112K
  class space    used 9464K, committed 9792K, reserved 1048576K
}
Event: 5203.302 GC heap after
{Heap after GC invocations=102 (full 7):
 garbage-first heap   total 122880K, used 34077K [0x0000000684800000, 0x0000000800000000)
  region size 4096K, 2 young (8192K), 2 survivors (8192K)
 Metaspace       used 72497K, committed 73152K, reserved 1114112K
  class space    used 9464K, committed 9792K, reserved 1048576K
}
Event: 5203.316 GC heap before
{Heap before GC invocations=102 (full 7):
 garbage-first heap   total 122880K, used 38173K [0x0000000684800000, 0x0000000800000000)
  region size 4096K, 3 young (12288K), 2 survivors (8192K)
 Metaspace       used 72525K, committed 73152K, reserved 1114112K
  class space    used 9466K, committed 9792K, reserved 1048576K
}
Event: 5203.319 GC heap after
{Heap after GC invocations=103 (full 7):
 garbage-first heap   total 122880K, used 34722K [0x0000000684800000, 0x0000000800000000)
  region size 4096K, 1 young (4096K), 1 survivors (4096K)
 Metaspace       used 72525K, committed 73152K, reserved 1114112K
  class space    used 9466K, committed 9792K, reserved 1048576K
}
Event: 5203.463 GC heap before
{Heap before GC invocations=103 (full 7):
 garbage-first heap   total 122880K, used 83874K [0x0000000684800000, 0x0000000800000000)
  region size 4096K, 13 young (53248K), 1 survivors (4096K)
 Metaspace       used 72569K, committed 73216K, reserved 1114112K
  class space    used 9469K, committed 9792K, reserved 1048576K
}
Event: 5203.466 GC heap after
{Heap after GC invocations=104 (full 7):
 garbage-first heap   total 122880K, used 41017K [0x0000000684800000, 0x0000000800000000)
  region size 4096K, 2 young (8192K), 2 survivors (8192K)
 Metaspace       used 72569K, committed 73216K, reserved 1114112K
  class space    used 9469K, committed 9792K, reserved 1048576K
}
Event: 5203.533 GC heap before
{Heap before GC invocations=105 (full 7):
 garbage-first heap   total 122880K, used 81977K [0x0000000684800000, 0x0000000800000000)
  region size 4096K, 13 young (53248K), 2 survivors (8192K)
 Metaspace       used 72499K, committed 73216K, reserved 1114112K
  class space    used 9456K, committed 9792K, reserved 1048576K
}
Event: 5203.537 GC heap after
{Heap after GC invocations=106 (full 7):
 garbage-first heap   total 122880K, used 44075K [0x0000000684800000, 0x0000000800000000)
  region size 4096K, 2 young (8192K), 2 survivors (8192K)
 Metaspace       used 72499K, committed 73216K, reserved 1114112K
  class space    used 9456K, committed 9792K, reserved 1048576K
}
Event: 5203.556 GC heap before
{Heap before GC invocations=106 (full 7):
 garbage-first heap   total 122880K, used 48171K [0x0000000684800000, 0x0000000800000000)
  region size 4096K, 3 young (12288K), 2 survivors (8192K)
 Metaspace       used 72499K, committed 73216K, reserved 1114112K
  class space    used 9456K, committed 9792K, reserved 1048576K
}
Event: 5203.561 GC heap after
{Heap after GC invocations=107 (full 7):
 garbage-first heap   total 122880K, used 40215K [0x0000000684800000, 0x0000000800000000)
  region size 4096K, 1 young (4096K), 1 survivors (4096K)
 Metaspace       used 72499K, committed 73216K, reserved 1114112K
  class space    used 9456K, committed 9792K, reserved 1048576K
}
Event: 5204.256 GC heap before
{Heap before GC invocations=107 (full 7):
 garbage-first heap   total 122880K, used 85271K [0x0000000684800000, 0x0000000800000000)
  region size 4096K, 12 young (49152K), 1 survivors (4096K)
 Metaspace       used 72702K, committed 73408K, reserved 1114112K
  class space    used 9477K, committed 9856K, reserved 1048576K
}
Event: 5204.258 GC heap after
{Heap after GC invocations=108 (full 7):
 garbage-first heap   total 249856K, used 39728K [0x0000000684800000, 0x0000000800000000)
  region size 4096K, 1 young (4096K), 1 survivors (4096K)
 Metaspace       used 72702K, committed 73408K, reserved 1114112K
  class space    used 9477K, committed 9856K, reserved 1048576K
}
Event: 5262.218 GC heap before
{Heap before GC invocations=109 (full 7):
 garbage-first heap   total 163840K, used 56112K [0x0000000684800000, 0x0000000800000000)
  region size 4096K, 6 young (24576K), 1 survivors (4096K)
 Metaspace       used 72697K, committed 73408K, reserved 1114112K
  class space    used 9476K, committed 9856K, reserved 1048576K
}
Event: 5262.256 GC heap after
{Heap after GC invocations=110 (full 8):
 garbage-first heap   total 122880K, used 27750K [0x0000000684800000, 0x0000000800000000)
  region size 4096K, 0 young (0K), 0 survivors (0K)
 Metaspace       used 72676K, committed 73408K, reserved 1114112K
  class space    used 9472K, committed 9856K, reserved 1048576K
}
Event: 5281.092 GC heap before
{Heap before GC invocations=110 (full 8):
 garbage-first heap   total 122880K, used 80998K [0x0000000684800000, 0x0000000800000000)
  region size 4096K, 14 young (57344K), 0 survivors (0K)
 Metaspace       used 72965K, committed 73664K, reserved 1114112K
  class space    used 9511K, committed 9856K, reserved 1048576K
}
Event: 5281.094 GC heap after
{Heap after GC invocations=111 (full 8):
 garbage-first heap   total 122880K, used 32152K [0x0000000684800000, 0x0000000800000000)
  region size 4096K, 2 young (8192K), 2 survivors (8192K)
 Metaspace       used 72965K, committed 73664K, reserved 1114112K
  class space    used 9511K, committed 9856K, reserved 1048576K
}
Event: 5526.627 GC heap before
{Heap before GC invocations=112 (full 8):
 garbage-first heap   total 122880K, used 81304K [0x0000000684800000, 0x0000000800000000)
  region size 4096K, 14 young (57344K), 2 survivors (8192K)
 Metaspace       used 72966K, committed 73664K, reserved 1114112K
  class space    used 9512K, committed 9856K, reserved 1048576K
}

